<?xml version="1.0" encoding="utf-8"?><testsuites name="pytest tests"><testsuite name="pytest" errors="0" failures="1" skipped="0" tests="12" time="0.918" timestamp="2026-01-27T20:19:40.671866+00:00" hostname="agent-env-a28f9b36-c5ea-4799-982a-202c04c7959d"><testcase classname="tests.test_alerts_and_sales.TestHealthAndAuth" name="test_health_check" time="0.103"><failure message="assert 404 == 200&#10; +  where 404 = &lt;Response [404]&gt;.status_code">tests/test_alerts_and_sales.py:42: in test_health_check
    assert response.status_code == 200
E   assert 404 == 200
E    +  where 404 = &lt;Response [404]&gt;.status_code</failure></testcase><testcase classname="tests.test_alerts_and_sales.TestHealthAndAuth" name="test_login" time="0.046" /><testcase classname="tests.test_alerts_and_sales.TestMembersForAlerts" name="test_get_members" time="0.086" /><testcase classname="tests.test_alerts_and_sales.TestMembersForAlerts" name="test_birthday_member_exists" time="0.039" /><testcase classname="tests.test_alerts_and_sales.TestMembersForAlerts" name="test_anniversary_member_exists" time="0.045" /><testcase classname="tests.test_alerts_and_sales.TestSalesAPI" name="test_get_sales_endpoint_exists" time="0.076" /><testcase classname="tests.test_alerts_and_sales.TestSalesAPI" name="test_get_sales_returns_list" time="0.038" /><testcase classname="tests.test_alerts_and_sales.TestSalesAPI" name="test_get_sales_with_date_filter" time="0.124" /><testcase classname="tests.test_alerts_and_sales.TestSalesAPI" name="test_sales_data_structure" time="0.038" /><testcase classname="tests.test_alerts_and_sales.TestInventoryAndStock" name="test_get_inventory" time="0.084" /><testcase classname="tests.test_alerts_and_sales.TestInventoryAndStock" name="test_inventory_has_sold_quantity" time="0.038" /><testcase classname="tests.test_alerts_and_sales.TestDashboardAPI" name="test_dashboard_endpoint" time="0.118" /></testsuite></testsuites>