<?xml version="1.0" encoding="utf-8"?><testsuites name="pytest tests"><testsuite name="pytest" errors="0" failures="0" skipped="0" tests="8" time="1.086" timestamp="2026-01-27T20:11:02.051737+00:00" hostname="agent-env-a28f9b36-c5ea-4799-982a-202c04c7959d"><testcase classname="backend.tests.test_payments.TestPaymentAPI" name="test_health_check" time="0.106" /><testcase classname="backend.tests.test_payments.TestPaymentAPI" name="test_get_members" time="0.080" /><testcase classname="backend.tests.test_payments.TestPaymentAPI" name="test_create_membership_payment" time="0.116" /><testcase classname="backend.tests.test_payments.TestPaymentAPI" name="test_member_status_updated_after_payment" time="0.155" /><testcase classname="backend.tests.test_payments.TestPaymentAPI" name="test_payment_with_extra_status_field" time="0.122" /><testcase classname="backend.tests.test_payments.TestPaymentAPI" name="test_get_payments" time="0.074" /><testcase classname="backend.tests.test_payments.TestPaymentAPI" name="test_payment_different_methods" time="0.230" /><testcase classname="backend.tests.test_payments.TestMemberStatusCalculation" name="test_member_status_active_with_current_month_payment" time="0.153" /></testsuite></testsuites>